[1211/142517.393:ERROR:process_memory_win.cc(73)] ReadMemory at 0x1c8e3646900 of 32 bytes failed: Only part of a ReadProcessMemory or WriteProcessMemory request was completed. (0x12B)
[1211/142517.397:WARNING:pe_image_annotations_reader.cc(146)] could not read annotation at index 16 in C:\Program Files (x86)\Google\Chrome\Application\78.0.3904.108\chrome_child.dll
[1211/142517.457:ERROR:process_memory_win.cc(73)] ReadMemory at 0x7ff6c8210000 of 64 bytes failed: Only part of a ReadProcessMemory or WriteProcessMemory request was completed. (0x12B)
[1211/142517.457:WARNING:pe_image_reader.cc(340)] could not read dos header from C:\Program Files (x86)\Google\Chrome\Application\chrome.exe
[1211/142517.461:ERROR:process_memory_win.cc(73)] ReadMemory at 0x7ff9924a0000 of 64 bytes failed: Only part of a ReadProcessMemory or WriteProcessMemory request was completed. (0x12B)
[1211/142517.461:WARNING:pe_image_reader.cc(340)] could not read dos header from C:\WINDOWS\SYSTEM32\ntdll.dll
[1211/142517.461:ERROR:process_memory_win.cc(73)] ReadMemory at 0x7ff990550000 of 64 bytes failed: Only part of a ReadProcessMemory or WriteProcessMemory request was completed. (0x12B)
[1211/142517.461:WARNING:pe_image_reader.cc(340)] could not read dos header from C:\WINDOWS\System32\KERNEL32.DLL
[1211/142517.461:ERROR:process_memory_win.cc(73)] ReadMemory at 0x7ff990200000 of 64 bytes failed: Only part of a ReadProcessMemory or WriteProcessMemory request was completed. (0x12B)
[1211/142517.461:WARNING:pe_image_reader.cc(340)] could not read dos header from C:\WINDOWS\System32\KERNELBASE.dll
[1211/142517.461:ERROR:process_memory_win.cc(73)] ReadMemory at 0x7ff945590000 of 64 bytes failed: Only part of a ReadProcessMemory or WriteProcessMemory request was completed. (0x12B)
[1211/142517.461:WARNING:pe_image_reader.cc(340)] could not read dos header from C:\Program Files (x86)\Google\Chrome\Application\78.0.3904.108\chrome_elf.dll
[1211/142517.461:ERROR:process_memory_win.cc(73)] ReadMemory at 0x7ff986220000 of 64 bytes failed: Only part of a ReadProcessMemory or WriteProcessMemory request was completed. (0x12B)
[1211/142517.461:WARNING:pe_image_reader.cc(340)] could not read dos header from C:\WINDOWS\SYSTEM32\VERSION.dll
[1211/142517.461:ERROR:process_memory_win.cc(73)] ReadMemory at 0x7ff991290000 of 64 bytes failed: Only part of a ReadProcessMemory or WriteProcessMemory request was completed. (0x12B)
[1211/142517.461:WARNING:pe_image_reader.cc(340)] could not read dos header from C:\WINDOWS\System32\msvcrt.dll
[1211/142517.461:ERROR:process_memory_win.cc(73)] ReadMemory at 0x7ff98fdd0000 of 64 bytes failed: Only part of a ReadProcessMemory or WriteProcessMemory request was completed. (0x12B)
[1211/142517.461:WARNING:pe_image_reader.cc(340)] could not read dos header from C:\WINDOWS\System32\bcryptPrimitives.dll
[1211/142517.461:ERROR:process_memory_win.cc(73)] ReadMemory at 0x7ff990f70000 of 64 bytes failed: Only part of a ReadProcessMemory or WriteProcessMemory request was completed. (0x12B)
[1211/142517.461:WARNING:pe_image_reader.cc(340)] could not read dos header from C:\WINDOWS\System32\ADVAPI32.dll
[1211/142517.461:ERROR:process_memory_win.cc(73)] ReadMemory at 0x7ff990e20000 of 64 bytes failed: Only part of a ReadProcessMemory or WriteProcessMemory request was completed. (0x12B)
[1211/142517.461:WARNING:pe_image_reader.cc(340)] could not read dos header from C:\WINDOWS\System32\sechost.dll
[1211/142517.461:ERROR:process_memory_win.cc(73)] ReadMemory at 0x7ff990630000 of 64 bytes failed: Only part of a ReadProcessMemory or WriteProcessMemory request was completed. (0x12B)
[1211/142517.461:WARNING:pe_image_reader.cc(340)] could not read dos header from C:\WINDOWS\System32\RPCRT4.dll
[1211/142517.461:ERROR:process_memory_win.cc(73)] ReadMemory at 0x7ff928cb0000 of 64 bytes failed: Only part of a ReadProcessMemory or WriteProcessMemory request was completed. (0x12B)
[1211/142517.461:WARNING:pe_image_reader.cc(340)] could not read dos header from C:\Program Files (x86)\Google\Chrome\Application\78.0.3904.108\chrome_child.dll
[1211/142517.461:ERROR:process_memory_win.cc(73)] ReadMemory at 0x7ff990770000 of 64 bytes failed: Only part of a ReadProcessMemory or WriteProcessMemory request was completed. (0x12B)
[1211/142517.461:WARNING:pe_image_reader.cc(340)] could not read dos header from C:\WINDOWS\System32\OLEAUT32.dll
[1211/142517.461:ERROR:process_memory_win.cc(73)] ReadMemory at 0x7ff9904b0000 of 64 bytes failed: Only part of a ReadProcessMemory or WriteProcessMemory request was completed. (0x12B)
[1211/142517.461:WARNING:pe_image_reader.cc(340)] could not read dos header from C:\WINDOWS\System32\msvcp_win.dll
[1211/142517.461:ERROR:process_memory_win.cc(73)] ReadMemory at 0x7ff990030000 of 64 bytes failed: Only part of a ReadProcessMemory or WriteProcessMemory request was completed. (0x12B)
[1211/142517.461:WARNING:pe_image_reader.cc(340)] could not read dos header from C:\WINDOWS\System32\ucrtbase.dll
[1211/142517.461:ERROR:process_memory_win.cc(73)] ReadMemory at 0x7ff991e90000 of 64 bytes failed: Only part of a ReadProcessMemory or WriteProcessMemory request was completed. (0x12B)
[1211/142517.461:WARNING:pe_image_reader.cc(340)] could not read dos header from C:\WINDOWS\System32\combase.dll
[1211/142517.461:ERROR:process_memory_win.cc(73)] ReadMemory at 0x7ff991330000 of 64 bytes failed: Only part of a ReadProcessMemory or WriteProcessMemory request was completed. (0x12B)
[1211/142517.461:WARNING:pe_image_reader.cc(340)] could not read dos header from C:\WINDOWS\System32\WS2_32.dll
[1211/142517.461:ERROR:process_memory_win.cc(73)] ReadMemory at 0x7ff98ffd0000 of 64 bytes failed: Only part of a ReadProcessMemory or WriteProcessMemory request was completed. (0x12B)
[1211/142517.461:WARNING:pe_image_reader.cc(340)] could not read dos header from C:\WINDOWS\System32\WINTRUST.dll
[1211/142517.461:ERROR:process_memory_win.cc(73)] ReadMemory at 0x7ff98f410000 of 64 bytes failed: Only part of a ReadProcessMemory or WriteProcessMemory request was completed. (0x12B)
[1211/142517.461:WARNING:pe_image_reader.cc(340)] could not read dos header from C:\WINDOWS\System32\MSASN1.dll
[1211/142517.461:ERROR:process_memory_win.cc(73)] ReadMemory at 0x7ff98fe80000 of 64 bytes failed: Only part of a ReadProcessMemory or WriteProcessMemory request was completed. (0x12B)
[1211/142517.461:WARNING:pe_image_reader.cc(340)] could not read dos header from C:\WINDOWS\System32\CRYPT32.dll
[1211/142517.461:ERROR:process_memory_win.cc(73)] ReadMemory at 0x7ff98e8f0000 of 64 bytes failed: Only part of a ReadProcessMemory or WriteProcessMemory request was completed. (0x12B)
[1211/142517.461:WARNING:pe_image_reader.cc(340)] could not read dos header from C:\WINDOWS\SYSTEM32\IPHLPAPI.DLL
[1211/142517.461:ERROR:process_memory_win.cc(73)] ReadMemory at 0x7ff98cd40000 of 64 bytes failed: Only part of a ReadProcessMemory or WriteProcessMemory request was completed. (0x12B)
[1211/142517.461:WARNING:pe_image_reader.cc(340)] could not read dos header from C:\WINDOWS\SYSTEM32\WINMM.dll
[1211/142517.461:ERROR:process_memory_win.cc(73)] ReadMemory at 0x7ff98f290000 of 64 bytes failed: Only part of a ReadProcessMemory or WriteProcessMemory request was completed. (0x12B)
[1211/142517.461:WARNING:pe_image_reader.cc(340)] could not read dos header from C:\WINDOWS\SYSTEM32\USERENV.dll
[1211/142517.461:ERROR:process_memory_win.cc(73)] ReadMemory at 0x7ff98f3f0000 of 64 bytes failed: Only part of a ReadProcessMemory or WriteProcessMemory request was completed. (0x12B)
[1211/142517.461:WARNING:pe_image_reader.cc(340)] could not read dos header from C:\WINDOWS\System32\profapi.dll
[1211/142517.461:ERROR:process_memory_win.cc(73)] ReadMemory at 0x7ff9682a0000 of 64 bytes failed: Only part of a ReadProcessMemory or WriteProcessMemory request was completed. (0x12B)
[1211/142517.461:WARNING:pe_image_reader.cc(340)] could not read dos header from C:\WINDOWS\SYSTEM32\DWrite.dll
[1211/142517.461:ERROR:process_memory_win.cc(73)] ReadMemory at 0x7ff981890000 of 64 bytes failed: Only part of a ReadProcessMemory or WriteProcessMemory request was completed. (0x12B)
[1211/142517.461:WARNING:pe_image_reader.cc(340)] could not read dos header from C:\WINDOWS\SYSTEM32\WINSPOOL.DRV
[1211/142517.461:ERROR:process_memory_win.cc(73)] ReadMemory at 0x7ff98f3d0000 of 64 bytes failed: Only part of a ReadProcessMemory or WriteProcessMemory request was completed. (0x12B)
[1211/142517.461:WARNING:pe_image_reader.cc(340)] could not read dos header from C:\WINDOWS\System32\kernel.appcore.dll
[1211/142517.461:ERROR:process_memory_win.cc(73)] ReadMemory at 0x7ff98fe50000 of 64 bytes failed: Only part of a ReadProcessMemory or WriteProcessMemory request was completed. (0x12B)
[1211/142517.461:WARNING:pe_image_reader.cc(340)] could not read dos header from C:\WINDOWS\System32\bcrypt.dll
[1211/142517.461:ERROR:process_memory_win.cc(73)] ReadMemory at 0x7ff98dc20000 of 64 bytes failed: Only part of a ReadProcessMemory or WriteProcessMemory request was completed. (0x12B)
[1211/142517.461:WARNING:pe_image_reader.cc(340)] could not read dos header from C:\WINDOWS\SYSTEM32\dbghelp.dll
[1211/142517.461:ERROR:process_memory_win.cc(73)] ReadMemory at 0x7ff974eb0000 of 64 bytes failed: Only part of a ReadProcessMemory or WriteProcessMemory request was completed. (0x12B)
[1211/142517.461:WARNING:pe_image_reader.cc(340)] could not read dos header from C:\WINDOWS\SYSTEM32\Secur32.dll
[1211/142517.461:ERROR:process_memory_win.cc(73)] ReadMemory at 0x7ff983b90000 of 64 bytes failed: Only part of a ReadProcessMemory or WriteProcessMemory request was completed. (0x12B)
[1211/142517.461:WARNING:pe_image_reader.cc(340)] could not read dos header from C:\WINDOWS\SYSTEM32\WINHTTP.dll
[1211/142517.461:ERROR:process_memory_win.cc(73)] ReadMemory at 0x7ff984010000 of 64 bytes failed: Only part of a ReadProcessMemory or WriteProcessMemory request was completed. (0x12B)
[1211/142517.461:WARNING:pe_image_reader.cc(340)] could not read dos header from C:\WINDOWS\SYSTEM32\dhcpcsvc.DLL
[1211/142517.461:ERROR:process_memory_win.cc(73)] ReadMemory at 0x7ff990750000 of 64 bytes failed: Only part of a ReadProcessMemory or WriteProcessMemory request was completed. (0x12B)
[1211/142517.461:WARNING:pe_image_reader.cc(340)] could not read dos header from C:\WINDOWS\System32\NSI.dll
[1211/142517.461:ERROR:process_memory_win.cc(73)] ReadMemory at 0x7ff98cd10000 of 64 bytes failed: Only part of a ReadProcessMemory or WriteProcessMemory request was completed. (0x12B)
[1211/142517.461:WARNING:pe_image_reader.cc(340)] could not read dos header from C:\WINDOWS\SYSTEM32\WINMMBASE.dll
[1211/142517.465:ERROR:process_memory_win.cc(73)] ReadMemory at 0x7ff98fbe0000 of 64 bytes failed: Only part of a ReadProcessMemory or WriteProcessMemory request was completed. (0x12B)
[1211/142517.465:WARNING:pe_image_reader.cc(340)] could not read dos header from C:\WINDOWS\System32\cfgmgr32.dll
[1211/142517.465:ERROR:process_memory_win.cc(73)] ReadMemory at 0x7ff98de20000 of 64 bytes failed: Only part of a ReadProcessMemory or WriteProcessMemory request was completed. (0x12B)
[1211/142517.465:WARNING:pe_image_reader.cc(340)] could not read dos header from C:\WINDOWS\SYSTEM32\PROPSYS.dll
[1211/142517.465:ERROR:process_memory_win.cc(73)] ReadMemory at 0x7ff991020000 of 64 bytes failed: Only part of a ReadProcessMemory or WriteProcessMemory request was completed. (0x12B)
[1211/142517.465:WARNING:pe_image_reader.cc(340)] could not read dos header from C:\WINDOWS\System32\shcore.dll
[1211/142517.465:ERROR:process_memory_win.cc(73)] ReadMemory at 0x7ff98f260000 of 64 bytes failed: Only part of a ReadProcessMemory or WriteProcessMemory request was completed. (0x12B)
[1211/142517.465:WARNING:pe_image_reader.cc(340)] could not read dos header from C:\WINDOWS\SYSTEM32\SSPICLI.DLL
[1211/142517.465:ERROR:process_memory_win.cc(73)] ReadMemory at 0x7ff98edb0000 of 64 bytes failed: Only part of a ReadProcessMemory or WriteProcessMemory request was completed. (0x12B)
[1211/142517.465:WARNING:pe_image_reader.cc(340)] could not read dos header from C:\WINDOWS\SYSTEM32\CRYPTBASE.DLL
[1211/142517.465:ERROR:process_memory_win.cc(73)] ReadMemory at 0x7ff6c8210000 of 64 bytes failed: Only part of a ReadProcessMemory or WriteProcessMemory request was completed. (0x12B)
[1211/142517.465:WARNING:pe_image_reader.cc(340)] could not read dos header from C:\Program Files (x86)\Google\Chrome\Application\chrome.exe
[1211/142517.465:ERROR:process_memory_win.cc(73)] ReadMemory at 0x7ff9924a0000 of 64 bytes failed: Only part of a ReadProcessMemory or WriteProcessMemory request was completed. (0x12B)
[1211/142517.465:WARNING:pe_image_reader.cc(340)] could not read dos header from C:\WINDOWS\SYSTEM32\ntdll.dll
[1211/142517.465:ERROR:process_memory_win.cc(73)] ReadMemory at 0x7ff990550000 of 64 bytes failed: Only part of a ReadProcessMemory or WriteProcessMemory request was completed. (0x12B)
[1211/142517.465:WARNING:pe_image_reader.cc(340)] could not read dos header from C:\WINDOWS\System32\KERNEL32.DLL
[1211/142517.465:ERROR:process_memory_win.cc(73)] ReadMemory at 0x7ff990200000 of 64 bytes failed: Only part of a ReadProcessMemory or WriteProcessMemory request was completed. (0x12B)
[1211/142517.465:WARNING:pe_image_reader.cc(340)] could not read dos header from C:\WINDOWS\System32\KERNELBASE.dll
[1211/142517.465:ERROR:process_memory_win.cc(73)] ReadMemory at 0x7ff945590000 of 64 bytes failed: Only part of a ReadProcessMemory or WriteProcessMemory request was completed. (0x12B)
[1211/142517.465:WARNING:pe_image_reader.cc(340)] could not read dos header from C:\Program Files (x86)\Google\Chrome\Application\78.0.3904.108\chrome_elf.dll
[1211/142517.465:ERROR:process_memory_win.cc(73)] ReadMemory at 0x7ff986220000 of 64 bytes failed: Only part of a ReadProcessMemory or WriteProcessMemory request was completed. (0x12B)
[1211/142517.465:WARNING:pe_image_reader.cc(340)] could not read dos header from C:\WINDOWS\SYSTEM32\VERSION.dll
[1211/142517.465:ERROR:process_memory_win.cc(73)] ReadMemory at 0x7ff991290000 of 64 bytes failed: Only part of a ReadProcessMemory or WriteProcessMemory request was completed. (0x12B)
[1211/142517.465:WARNING:pe_image_reader.cc(340)] could not read dos header from C:\WINDOWS\System32\msvcrt.dll
[1211/142517.465:ERROR:process_memory_win.cc(73)] ReadMemory at 0x7ff98fdd0000 of 64 bytes failed: Only part of a ReadProcessMemory or WriteProcessMemory request was completed. (0x12B)
[1211/142517.465:WARNING:pe_image_reader.cc(340)] could not read dos header from C:\WINDOWS\System32\bcryptPrimitives.dll
[1211/142517.465:ERROR:process_memory_win.cc(73)] ReadMemory at 0x7ff990f70000 of 64 bytes failed: Only part of a ReadProcessMemory or WriteProcessMemory request was completed. (0x12B)
[1211/142517.465:WARNING:pe_image_reader.cc(340)] could not read dos header from C:\WINDOWS\System32\ADVAPI32.dll
[1211/142517.465:ERROR:process_memory_win.cc(73)] ReadMemory at 0x7ff990e20000 of 64 bytes failed: Only part of a ReadProcessMemory or WriteProcessMemory request was completed. (0x12B)
[1211/142517.465:WARNING:pe_image_reader.cc(340)] could not read dos header from C:\WINDOWS\System32\sechost.dll
[1211/142517.465:ERROR:process_memory_win.cc(73)] ReadMemory at 0x7ff990630000 of 64 bytes failed: Only part of a ReadProcessMemory or WriteProcessMemory request was completed. (0x12B)
[1211/142517.465:WARNING:pe_image_reader.cc(340)] could not read dos header from C:\WINDOWS\System32\RPCRT4.dll
[1211/142517.465:ERROR:process_memory_win.cc(73)] ReadMemory at 0x7ff928cb0000 of 64 bytes failed: Only part of a ReadProcessMemory or WriteProcessMemory request was completed. (0x12B)
[1211/142517.465:WARNING:pe_image_reader.cc(340)] could not read dos header from C:\Program Files (x86)\Google\Chrome\Application\78.0.3904.108\chrome_child.dll
[1211/142517.465:ERROR:process_memory_win.cc(73)] ReadMemory at 0x7ff990770000 of 64 bytes failed: Only part of a ReadProcessMemory or WriteProcessMemory request was completed. (0x12B)
[1211/142517.465:WARNING:pe_image_reader.cc(340)] could not read dos header from C:\WINDOWS\System32\OLEAUT32.dll
[1211/142517.465:ERROR:process_memory_win.cc(73)] ReadMemory at 0x7ff9904b0000 of 64 bytes failed: Only part of a ReadProcessMemory or WriteProcessMemory request was completed. (0x12B)
[1211/142517.465:WARNING:pe_image_reader.cc(340)] could not read dos header from C:\WINDOWS\System32\msvcp_win.dll
[1211/142517.465:ERROR:process_memory_win.cc(73)] ReadMemory at 0x7ff990030000 of 64 bytes failed: Only part of a ReadProcessMemory or WriteProcessMemory request was completed. (0x12B)
[1211/142517.465:WARNING:pe_image_reader.cc(340)] could not read dos header from C:\WINDOWS\System32\ucrtbase.dll
[1211/142517.465:ERROR:process_memory_win.cc(73)] ReadMemory at 0x7ff991e90000 of 64 bytes failed: Only part of a ReadProcessMemory or WriteProcessMemory request was completed. (0x12B)
[1211/142517.465:WARNING:pe_image_reader.cc(340)] could not read dos header from C:\WINDOWS\System32\combase.dll
[1211/142517.465:ERROR:process_memory_win.cc(73)] ReadMemory at 0x7ff991330000 of 64 bytes failed: Only part of a ReadProcessMemory or WriteProcessMemory request was completed. (0x12B)
[1211/142517.465:WARNING:pe_image_reader.cc(340)] could not read dos header from C:\WINDOWS\System32\WS2_32.dll
[1211/142517.465:ERROR:process_memory_win.cc(73)] ReadMemory at 0x7ff98ffd0000 of 64 bytes failed: Only part of a ReadProcessMemory or WriteProcessMemory request was completed. (0x12B)
[1211/142517.465:WARNING:pe_image_reader.cc(340)] could not read dos header from C:\WINDOWS\System32\WINTRUST.dll
[1211/142517.465:ERROR:process_memory_win.cc(73)] ReadMemory at 0x7ff98f410000 of 64 bytes failed: Only part of a ReadProcessMemory or WriteProcessMemory request was completed. (0x12B)
[1211/142517.465:WARNING:pe_image_reader.cc(340)] could not read dos header from C:\WINDOWS\System32\MSASN1.dll
[1211/142517.465:ERROR:process_memory_win.cc(73)] ReadMemory at 0x7ff98fe80000 of 64 bytes failed: Only part of a ReadProcessMemory or WriteProcessMemory request was completed. (0x12B)
[1211/142517.465:WARNING:pe_image_reader.cc(340)] could not read dos header from C:\WINDOWS\System32\CRYPT32.dll
[1211/142517.465:ERROR:process_memory_win.cc(73)] ReadMemory at 0x7ff98e8f0000 of 64 bytes failed: Only part of a ReadProcessMemory or WriteProcessMemory request was completed. (0x12B)
[1211/142517.465:WARNING:pe_image_reader.cc(340)] could not read dos header from C:\WINDOWS\SYSTEM32\IPHLPAPI.DLL
[1211/142517.465:ERROR:process_memory_win.cc(73)] ReadMemory at 0x7ff98cd40000 of 64 bytes failed: Only part of a ReadProcessMemory or WriteProcessMemory request was completed. (0x12B)
[1211/142517.465:WARNING:pe_image_reader.cc(340)] could not read dos header from C:\WINDOWS\SYSTEM32\WINMM.dll
[1211/142517.465:ERROR:process_memory_win.cc(73)] ReadMemory at 0x7ff98f290000 of 64 bytes failed: Only part of a ReadProcessMemory or WriteProcessMemory request was completed. (0x12B)
[1211/142517.465:WARNING:pe_image_reader.cc(340)] could not read dos header from C:\WINDOWS\SYSTEM32\USERENV.dll
[1211/142517.465:ERROR:process_memory_win.cc(73)] ReadMemory at 0x7ff98f3f0000 of 64 bytes failed: Only part of a ReadProcessMemory or WriteProcessMemory request was completed. (0x12B)
[1211/142517.465:WARNING:pe_image_reader.cc(340)] could not read dos header from C:\WINDOWS\System32\profapi.dll
[1211/142517.465:ERROR:process_memory_win.cc(73)] ReadMemory at 0x7ff9682a0000 of 64 bytes failed: Only part of a ReadProcessMemory or WriteProcessMemory request was completed. (0x12B)
[1211/142517.465:WARNING:pe_image_reader.cc(340)] could not read dos header from C:\WINDOWS\SYSTEM32\DWrite.dll
[1211/142517.465:ERROR:process_memory_win.cc(73)] ReadMemory at 0x7ff981890000 of 64 bytes failed: Only part of a ReadProcessMemory or WriteProcessMemory request was completed. (0x12B)
[1211/142517.465:WARNING:pe_image_reader.cc(340)] could not read dos header from C:\WINDOWS\SYSTEM32\WINSPOOL.DRV
[1211/142517.465:ERROR:process_memory_win.cc(73)] ReadMemory at 0x7ff98f3d0000 of 64 bytes failed: Only part of a ReadProcessMemory or WriteProcessMemory request was completed. (0x12B)
[1211/142517.465:WARNING:pe_image_reader.cc(340)] could not read dos header from C:\WINDOWS\System32\kernel.appcore.dll
[1211/142517.465:ERROR:process_memory_win.cc(73)] ReadMemory at 0x7ff98fe50000 of 64 bytes failed: Only part of a ReadProcessMemory or WriteProcessMemory request was completed. (0x12B)
[1211/142517.465:WARNING:pe_image_reader.cc(340)] could not read dos header from C:\WINDOWS\System32\bcrypt.dll
[1211/142517.465:ERROR:process_memory_win.cc(73)] ReadMemory at 0x7ff98dc20000 of 64 bytes failed: Only part of a ReadProcessMemory or WriteProcessMemory request was completed. (0x12B)
[1211/142517.465:WARNING:pe_image_reader.cc(340)] could not read dos header from C:\WINDOWS\SYSTEM32\dbghelp.dll
[1211/142517.465:ERROR:process_memory_win.cc(73)] ReadMemory at 0x7ff974eb0000 of 64 bytes failed: Only part of a ReadProcessMemory or WriteProcessMemory request was completed. (0x12B)
[1211/142517.465:WARNING:pe_image_reader.cc(340)] could not read dos header from C:\WINDOWS\SYSTEM32\Secur32.dll
[1211/142517.465:ERROR:process_memory_win.cc(73)] ReadMemory at 0x7ff983b90000 of 64 bytes failed: Only part of a ReadProcessMemory or WriteProcessMemory request was completed. (0x12B)
[1211/142517.465:WARNING:pe_image_reader.cc(340)] could not read dos header from C:\WINDOWS\SYSTEM32\WINHTTP.dll
[1211/142517.465:ERROR:process_memory_win.cc(73)] ReadMemory at 0x7ff984010000 of 64 bytes failed: Only part of a ReadProcessMemory or WriteProcessMemory request was completed. (0x12B)
[1211/142517.465:WARNING:pe_image_reader.cc(340)] could not read dos header from C:\WINDOWS\SYSTEM32\dhcpcsvc.DLL
[1211/142517.465:ERROR:process_memory_win.cc(73)] ReadMemory at 0x7ff990750000 of 64 bytes failed: Only part of a ReadProcessMemory or WriteProcessMemory request was completed. (0x12B)
[1211/142517.465:WARNING:pe_image_reader.cc(340)] could not read dos header from C:\WINDOWS\System32\NSI.dll
[1211/142517.465:ERROR:process_memory_win.cc(73)] ReadMemory at 0x7ff98cd10000 of 64 bytes failed: Only part of a ReadProcessMemory or WriteProcessMemory request was completed. (0x12B)
[1211/142517.465:WARNING:pe_image_reader.cc(340)] could not read dos header from C:\WINDOWS\SYSTEM32\WINMMBASE.dll
[1211/142517.465:ERROR:process_memory_win.cc(73)] ReadMemory at 0x7ff98fbe0000 of 64 bytes failed: Only part of a ReadProcessMemory or WriteProcessMemory request was completed. (0x12B)
[1211/142517.465:WARNING:pe_image_reader.cc(340)] could not read dos header from C:\WINDOWS\System32\cfgmgr32.dll
[1211/142517.465:ERROR:process_memory_win.cc(73)] ReadMemory at 0x7ff98de20000 of 64 bytes failed: Only part of a ReadProcessMemory or WriteProcessMemory request was completed. (0x12B)
[1211/142517.465:WARNING:pe_image_reader.cc(340)] could not read dos header from C:\WINDOWS\SYSTEM32\PROPSYS.dll
[1211/142517.465:ERROR:process_memory_win.cc(73)] ReadMemory at 0x7ff991020000 of 64 bytes failed: Only part of a ReadProcessMemory or WriteProcessMemory request was completed. (0x12B)
[1211/142517.465:WARNING:pe_image_reader.cc(340)] could not read dos header from C:\WINDOWS\System32\shcore.dll
[1211/142517.465:ERROR:process_memory_win.cc(73)] ReadMemory at 0x7ff98f260000 of 64 bytes failed: Only part of a ReadProcessMemory or WriteProcessMemory request was completed. (0x12B)
[1211/142517.465:WARNING:pe_image_reader.cc(340)] could not read dos header from C:\WINDOWS\SYSTEM32\SSPICLI.DLL
[1211/142517.469:ERROR:process_memory_win.cc(73)] ReadMemory at 0x7ff98edb0000 of 64 bytes failed: Only part of a ReadProcessMemory or WriteProcessMemory request was completed. (0x12B)
[1211/142517.469:WARNING:pe_image_reader.cc(340)] could not read dos header from C:\WINDOWS\SYSTEM32\CRYPTBASE.DLL
[1211/142517.489:ERROR:process_memory_win.cc(73)] ReadMemory at 0x4a149e9000 of 94208 bytes failed: Only part of a ReadProcessMemory or WriteProcessMemory request was completed. (0x12B)
[1211/142517.489:ERROR:process_memory_win.cc(73)] ReadMemory at 0x4a151fd000 of 12288 bytes failed: Only part of a ReadProcessMemory or WriteProcessMemory request was completed. (0x12B)
[1211/142517.489:ERROR:process_memory_win.cc(73)] ReadMemory at 0x4a161fd000 of 12288 bytes failed: Only part of a ReadProcessMemory or WriteProcessMemory request was completed. (0x12B)
[1211/142517.489:ERROR:process_memory_win.cc(73)] ReadMemory at 0x4a169fc000 of 16384 bytes failed: Only part of a ReadProcessMemory or WriteProcessMemory request was completed. (0x12B)
[1211/142517.489:ERROR:process_memory_win.cc(73)] ReadMemory at 0x4a171fe000 of 8192 bytes failed: Only part of a ReadProcessMemory or WriteProcessMemory request was completed. (0x12B)
[1211/142517.489:ERROR:process_memory_win.cc(73)] ReadMemory at 0x4a179fd000 of 12288 bytes failed: Only part of a ReadProcessMemory or WriteProcessMemory request was completed. (0x12B)
[1211/142517.489:ERROR:process_memory_win.cc(73)] ReadMemory at 0x4a181fb000 of 20480 bytes failed: Only part of a ReadProcessMemory or WriteProcessMemory request was completed. (0x12B)
[1211/142517.489:ERROR:process_memory_win.cc(73)] ReadMemory at 0x4a191fa000 of 24576 bytes failed: Only part of a ReadProcessMemory or WriteProcessMemory request was completed. (0x12B)
[1211/142517.489:ERROR:process_memory_win.cc(73)] ReadMemory at 0x4a199fb000 of 20480 bytes failed: Only part of a ReadProcessMemory or WriteProcessMemory request was completed. (0x12B)
[1211/142517.489:ERROR:process_memory_win.cc(73)] ReadMemory at 0x4a1a1fd000 of 12288 bytes failed: Only part of a ReadProcessMemory or WriteProcessMemory request was completed. (0x12B)
[1211/142517.489:ERROR:process_memory_win.cc(73)] ReadMemory at 0x4a189fd000 of 12288 bytes failed: Only part of a ReadProcessMemory or WriteProcessMemory request was completed. (0x12B)
[1211/142517.489:ERROR:process_memory_win.cc(73)] ReadMemory at 0x4a159fd000 of 12288 bytes failed: Only part of a ReadProcessMemory or WriteProcessMemory request was completed. (0x12B)
[1211/142517.489:ERROR:process_memory_win.cc(73)] ReadMemory at 0x4a1a9fd000 of 12288 bytes failed: Only part of a ReadProcessMemory or WriteProcessMemory request was completed. (0x12B)
[1211/142517.489:ERROR:process_memory_win.cc(73)] ReadMemory at 0x4a1b1ff000 of 4096 bytes failed: Only part of a ReadProcessMemory or WriteProcessMemory request was completed. (0x12B)
[1211/142517.489:ERROR:process_memory_win.cc(73)] ReadMemory at 0x4a14031000 of 852 bytes failed: Only part of a ReadProcessMemory or WriteProcessMemory request was completed. (0x12B)
[1211/142517.489:ERROR:process_memory_win.cc(73)] ReadMemory at 0x4a14032000 of 6024 bytes failed: Only part of a ReadProcessMemory or WriteProcessMemory request was completed. (0x12B)
[1211/142517.489:ERROR:process_memory_win.cc(73)] ReadMemory at 0x4a14034000 of 6024 bytes failed: Only part of a ReadProcessMemory or WriteProcessMemory request was completed. (0x12B)
[1211/142517.489:ERROR:process_memory_win.cc(73)] ReadMemory at 0x4a14038000 of 6024 bytes failed: Only part of a ReadProcessMemory or WriteProcessMemory request was completed. (0x12B)
[1211/142517.489:ERROR:process_memory_win.cc(73)] ReadMemory at 0x4a1403a000 of 6024 bytes failed: Only part of a ReadProcessMemory or WriteProcessMemory request was completed. (0x12B)
[1211/142517.489:ERROR:process_memory_win.cc(73)] ReadMemory at 0x4a1403c000 of 6024 bytes failed: Only part of a ReadProcessMemory or WriteProcessMemory request was completed. (0x12B)
[1211/142517.489:ERROR:process_memory_win.cc(73)] ReadMemory at 0x4a1403e000 of 6024 bytes failed: Only part of a ReadProcessMemory or WriteProcessMemory request was completed. (0x12B)
[1211/142517.489:ERROR:process_memory_win.cc(73)] ReadMemory at 0x4a14040000 of 6024 bytes failed: Only part of a ReadProcessMemory or WriteProcessMemory request was completed. (0x12B)
[1211/142517.489:ERROR:process_memory_win.cc(73)] ReadMemory at 0x4a14044000 of 6024 bytes failed: Only part of a ReadProcessMemory or WriteProcessMemory request was completed. (0x12B)
[1211/142517.489:ERROR:process_memory_win.cc(73)] ReadMemory at 0x4a14046000 of 6024 bytes failed: Only part of a ReadProcessMemory or WriteProcessMemory request was completed. (0x12B)
[1211/142517.489:ERROR:process_memory_win.cc(73)] ReadMemory at 0x4a14048000 of 6024 bytes failed: Only part of a ReadProcessMemory or WriteProcessMemory request was completed. (0x12B)
[1211/142517.489:ERROR:process_memory_win.cc(73)] ReadMemory at 0x4a14050000 of 6024 bytes failed: Only part of a ReadProcessMemory or WriteProcessMemory request was completed. (0x12B)
[1211/142517.489:ERROR:process_memory_win.cc(73)] ReadMemory at 0x4a14052000 of 6024 bytes failed: Only part of a ReadProcessMemory or WriteProcessMemory request was completed. (0x12B)
[1211/142517.489:ERROR:process_memory_win.cc(73)] ReadMemory at 0x4a14054000 of 6024 bytes failed: Only part of a ReadProcessMemory or WriteProcessMemory request was completed. (0x12B)
[1211/142517.489:ERROR:process_memory_win.cc(73)] ReadMemory at 0x4a14056000 of 6024 bytes failed: Only part of a ReadProcessMemory or WriteProcessMemory request was completed. (0x12B)
[1211/142517.489:ERROR:process_memory_win.cc(73)] ReadMemory at 0x1c8e3320750 of 80 bytes failed: Only part of a ReadProcessMemory or WriteProcessMemory request was completed. (0x12B)
[1211/142517.493:ERROR:process_memory_win.cc(73)] ReadMemory at 0x1c8e3320ad0 of 512 bytes failed: Only part of a ReadProcessMemory or WriteProcessMemory request was completed. (0x12B)
[1211/142517.493:ERROR:process_memory_win.cc(73)] ReadMemory at 0x1c8e3320fe0 of 6326 bytes failed: Only part of a ReadProcessMemory or WriteProcessMemory request was completed. (0x12B)
[1211/142517.493:ERROR:process_memory_win.cc(73)] ReadMemory at 0x1c8e33228a0 of 1012 bytes failed: Only part of a ReadProcessMemory or WriteProcessMemory request was completed. (0x12B)
[1211/142517.493:ERROR:process_memory_win.cc(73)] ReadMemory at 0x1c8e3322ee8 of 118 bytes failed: Only part of a ReadProcessMemory or WriteProcessMemory request was completed. (0x12B)
[1211/142517.493:ERROR:process_memory_win.cc(73)] ReadMemory at 0x1c8e3322f60 of 910 bytes failed: Only part of a ReadProcessMemory or WriteProcessMemory request was completed. (0x12B)
[1211/142517.493:ERROR:process_memory_win.cc(73)] ReadMemory at 0x1c8e33232f0 of 118 bytes failed: Only part of a ReadProcessMemory or WriteProcessMemory request was completed. (0x12B)
[1211/142517.493:ERROR:process_memory_win.cc(73)] ReadMemory at 0x1c8e3323368 of 102 bytes failed: Only part of a ReadProcessMemory or WriteProcessMemory request was completed. (0x12B)
[1211/142517.493:ERROR:process_memory_win.cc(73)] ReadMemory at 0x1c8e33233e0 of 58 bytes failed: Only part of a ReadProcessMemory or WriteProcessMemory request was completed. (0x12B)
[1211/142517.493:ERROR:process_memory_win.cc(73)] ReadMemory at 0x1c8e33234e0 of 132 bytes failed: Only part of a ReadProcessMemory or WriteProcessMemory request was completed. (0x12B)
[1211/142517.493:ERROR:process_memory_win.cc(73)] ReadMemory at 0x1c8e3323670 of 132 bytes failed: Only part of a ReadProcessMemory or WriteProcessMemory request was completed. (0x12B)
[1211/142517.493:ERROR:process_memory_win.cc(73)] ReadMemory at 0x1c8e3323830 of 126 bytes failed: Only part of a ReadProcessMemory or WriteProcessMemory request was completed. (0x12B)
[1211/142517.493:ERROR:process_memory_win.cc(73)] ReadMemory at 0x1c8e3323c10 of 132 bytes failed: Only part of a ReadProcessMemory or WriteProcessMemory request was completed. (0x12B)
[1211/142517.493:ERROR:process_memory_win.cc(73)] ReadMemory at 0x1c8e3323da0 of 64 bytes failed: Only part of a ReadProcessMemory or WriteProcessMemory request was completed. (0x12B)
[1211/142517.493:ERROR:process_memory_win.cc(73)] ReadMemory at 0x1c8e3323f60 of 132 bytes failed: Only part of a ReadProcessMemory or WriteProcessMemory request was completed. (0x12B)
[1211/142517.493:ERROR:process_memory_win.cc(73)] ReadMemory at 0x1c8e3324200 of 132 bytes failed: Only part of a ReadProcessMemory or WriteProcessMemory request was completed. (0x12B)
[1211/142517.493:ERROR:process_memory_win.cc(73)] ReadMemory at 0x1c8e3324390 of 68 bytes failed: Only part of a ReadProcessMemory or WriteProcessMemory request was completed. (0x12B)
[1211/142517.493:ERROR:process_memory_win.cc(73)] ReadMemory at 0x1c8e33253c0 of 158 bytes failed: Only part of a ReadProcessMemory or WriteProcessMemory request was completed. (0x12B)
[1211/142517.493:ERROR:process_memory_win.cc(73)] ReadMemory at 0x1c8e33254a0 of 132 bytes failed: Only part of a ReadProcessMemory or WriteProcessMemory request was completed. (0x12B)
[1211/142517.493:ERROR:process_memory_win.cc(73)] ReadMemory at 0x1c8e3325630 of 154 bytes failed: Only part of a ReadProcessMemory or WriteProcessMemory request was completed. (0x12B)
[1211/142517.493:ERROR:process_memory_win.cc(73)] ReadMemory at 0x1c8e33263cc of 512 bytes failed: Only part of a ReadProcessMemory or WriteProcessMemory request was completed. (0x12B)
[1211/142517.493:ERROR:process_memory_win.cc(73)] ReadMemory at 0x1c8e33267e0 of 132 bytes failed: Only part of a ReadProcessMemory or WriteProcessMemory request was completed. (0x12B)
[1211/142517.493:ERROR:process_memory_win.cc(73)] ReadMemory at 0x1c8e3326a10 of 132 bytes failed: Only part of a ReadProcessMemory or WriteProcessMemory request was completed. (0x12B)
[1211/142517.493:ERROR:process_memory_win.cc(73)] ReadMemory at 0x1c8e3327b30 of 62 bytes failed: Only part of a ReadProcessMemory or WriteProcessMemory request was completed. (0x12B)
[1211/142517.493:ERROR:process_memory_win.cc(73)] ReadMemory at 0x1c8e3327b80 of 132 bytes failed: Only part of a ReadProcessMemory or WriteProcessMemory request was completed. (0x12B)
[1211/142517.493:ERROR:process_memory_win.cc(73)] ReadMemory at 0x1c8e3327d20 of 132 bytes failed: Only part of a ReadProcessMemory or WriteProcessMemory request was completed. (0x12B)
[1211/142517.493:ERROR:process_memory_win.cc(73)] ReadMemory at 0x1c8e3327e50 of 60 bytes failed: Only part of a ReadProcessMemory or WriteProcessMemory request was completed. (0x12B)
[1211/142517.493:ERROR:process_memory_win.cc(73)] ReadMemory at 0x1c8e3328710 of 132 bytes failed: Only part of a ReadProcessMemory or WriteProcessMemory request was completed. (0x12B)
[1211/142517.493:ERROR:process_memory_win.cc(73)] ReadMemory at 0x1c8e332b840 of 64 bytes failed: Only part of a ReadProcessMemory or WriteProcessMemory request was completed. (0x12B)
[1211/142517.493:ERROR:process_memory_win.cc(73)] ReadMemory at 0x1c8e332b890 of 64 bytes failed: Only part of a ReadProcessMemory or WriteProcessMemory request was completed. (0x12B)
[1211/142517.493:ERROR:process_memory_win.cc(73)] ReadMemory at 0x1c8e332b930 of 62 bytes failed: Only part of a ReadProcessMemory or WriteProcessMemory request was completed. (0x12B)
[1211/142517.493:ERROR:process_memory_win.cc(73)] ReadMemory at 0x1c8e332b980 of 60 bytes failed: Only part of a ReadProcessMemory or WriteProcessMemory request was completed. (0x12B)
[1211/142517.493:ERROR:process_memory_win.cc(73)] ReadMemory at 0x1c8e332ba20 of 66 bytes failed: Only part of a ReadProcessMemory or WriteProcessMemory request was completed. (0x12B)
[1211/142517.493:ERROR:process_memory_win.cc(73)] ReadMemory at 0x1c8e332ba70 of 64 bytes failed: Only part of a ReadProcessMemory or WriteProcessMemory request was completed. (0x12B)
[1211/142517.493:ERROR:process_memory_win.cc(73)] ReadMemory at 0x1c8e332bc00 of 60 bytes failed: Only part of a ReadProcessMemory or WriteProcessMemory request was completed. (0x12B)
[1211/142517.493:ERROR:process_memory_win.cc(73)] ReadMemory at 0x1c8e332bc50 of 62 bytes failed: Only part of a ReadProcessMemory or WriteProcessMemory request was completed. (0x12B)
[1211/142517.493:ERROR:process_memory_win.cc(73)] ReadMemory at 0x1c8e332bca0 of 64 bytes failed: Only part of a ReadProcessMemory or WriteProcessMemory request was completed. (0x12B)
[1211/142517.493:ERROR:process_memory_win.cc(73)] ReadMemory at 0x1c8e332be20 of 132 bytes failed: Only part of a ReadProcessMemory or WriteProcessMemory request was completed. (0x12B)
[1211/142517.493:ERROR:process_memory_win.cc(73)] ReadMemory at 0x1c8e332bf50 of 132 bytes failed: Only part of a ReadProcessMemory or WriteProcessMemory request was completed. (0x12B)
[1211/142517.493:ERROR:process_memory_win.cc(73)] ReadMemory at 0x1c8e332c1b0 of 132 bytes failed: Only part of a ReadProcessMemory or WriteProcessMemory request was completed. (0x12B)
[1211/142517.493:ERROR:process_memory_win.cc(73)] ReadMemory at 0x1c8e332c2e0 of 132 bytes failed: Only part of a ReadProcessMemory or WriteProcessMemory request was completed. (0x12B)
[1211/142517.493:ERROR:process_memory_win.cc(73)] ReadMemory at 0x1c8e332c410 of 132 bytes failed: Only part of a ReadProcessMemory or WriteProcessMemory request was completed. (0x12B)
[1211/142517.493:ERROR:process_memory_win.cc(73)] ReadMemory at 0x1c8e332c540 of 132 bytes failed: Only part of a ReadProcessMemory or WriteProcessMemory request was completed. (0x12B)
[1211/142517.493:ERROR:process_memory_win.cc(73)] ReadMemory at 0x1c8e332c670 of 132 bytes failed: Only part of a ReadProcessMemory or WriteProcessMemory request was completed. (0x12B)
[1211/142517.493:ERROR:process_memory_win.cc(73)] ReadMemory at 0x1c8e332c7a0 of 132 bytes failed: Only part of a ReadProcessMemory or WriteProcessMemory request was completed. (0x12B)
[1211/142517.493:ERROR:process_memory_win.cc(73)] ReadMemory at 0x1c8e332c8d0 of 132 bytes failed: Only part of a ReadProcessMemory or WriteProcessMemory request was completed. (0x12B)
[1211/142517.493:ERROR:process_memory_win.cc(73)] ReadMemory at 0x1c8e332ca00 of 132 bytes failed: Only part of a ReadProcessMemory or WriteProcessMemory request was completed. (0x12B)
[1211/142517.493:ERROR:process_memory_win.cc(73)] ReadMemory at 0x1c8e332cb30 of 132 bytes failed: Only part of a ReadProcessMemory or WriteProcessMemory request was completed. (0x12B)
[1211/142517.493:ERROR:process_memory_win.cc(73)] ReadMemory at 0x1c8e332cc60 of 132 bytes failed: Only part of a ReadProcessMemory or WriteProcessMemory request was completed. (0x12B)
[1211/142517.493:ERROR:process_memory_win.cc(73)] ReadMemory at 0x1c8e332f390 of 54 bytes failed: Only part of a ReadProcessMemory or WriteProcessMemory request was completed. (0x12B)
[1211/142517.493:ERROR:process_memory_win.cc(73)] ReadMemory at 0x1c8e332fa00 of 132 bytes failed: Only part of a ReadProcessMemory or WriteProcessMemory request was completed. (0x12B)
[1211/142517.493:ERROR:process_memory_win.cc(73)] ReadMemory at 0x1c8e3330830 of 132 bytes failed: Only part of a ReadProcessMemory or WriteProcessMemory request was completed. (0x12B)
[1211/142517.493:ERROR:process_memory_win.cc(73)] ReadMemory at 0x1c8e3330aa0 of 132 bytes failed: Only part of a ReadProcessMemory or WriteProcessMemory request was completed. (0x12B)
[1211/142517.493:ERROR:process_memory_win.cc(73)] ReadMemory at 0x1c8e33325b0 of 132 bytes failed: Only part of a ReadProcessMemory or WriteProcessMemory request was completed. (0x12B)
[1211/142517.493:ERROR:process_memory_win.cc(73)] ReadMemory at 0x1c8e3332890 of 132 bytes failed: Only part of a ReadProcessMemory or WriteProcessMemory request was completed. (0x12B)
[1211/142517.493:ERROR:process_memory_win.cc(73)] ReadMemory at 0x1c8e3334f40 of 132 bytes failed: Only part of a ReadProcessMemory or WriteProcessMemory request was completed. (0x12B)
[1211/142517.493:ERROR:process_memory_win.cc(73)] ReadMemory at 0x1c8e3335f00 of 76 bytes failed: Only part of a ReadProcessMemory or WriteProcessMemory request was completed. (0x12B)
[1211/142517.497:ERROR:process_memory_win.cc(73)] ReadMemory at 0x1c8e33364e0 of 62 bytes failed: Only part of a ReadProcessMemory or WriteProcessMemory request was completed. (0x12B)
[1211/142517.497:ERROR:process_memory_win.cc(73)] ReadMemory at 0x1c8e3336620 of 62 bytes failed: Only part of a ReadProcessMemory or WriteProcessMemory request was completed. (0x12B)
[1211/142517.497:ERROR:process_memory_win.cc(73)] ReadMemory at 0x1c8e3336710 of 64 bytes failed: Only part of a ReadProcessMemory or WriteProcessMemory request was completed. (0x12B)
[1211/142517.497:ERROR:process_memory_win.cc(73)] ReadMemory at 0x1c8e3336760 of 66 bytes failed: Only part of a ReadProcessMemory or WriteProcessMemory request was completed. (0x12B)
[1211/142517.497:ERROR:process_memory_win.cc(73)] ReadMemory at 0x1c8e33367b0 of 60 bytes failed: Only part of a ReadProcessMemory or WriteProcessMemory request was completed. (0x12B)
[1211/142517.497:ERROR:process_memory_win.cc(73)] ReadMemory at 0x1c8e3336940 of 60 bytes failed: Only part of a ReadProcessMemory or WriteProcessMemory request was completed. (0x12B)
[1211/142517.497:ERROR:process_memory_win.cc(73)] ReadMemory at 0x1c8e3336990 of 64 bytes failed: Only part of a ReadProcessMemory or WriteProcessMemory request was completed. (0x12B)
[1211/142517.497:ERROR:process_memory_win.cc(73)] ReadMemory at 0x1c8e3336bc0 of 58 bytes failed: Only part of a ReadProcessMemory or WriteProcessMemory request was completed. (0x12B)
[1211/142517.497:ERROR:process_memory_win.cc(73)] ReadMemory at 0x1c8e3336c10 of 62 bytes failed: Only part of a ReadProcessMemory or WriteProcessMemory request was completed. (0x12B)
[1211/142517.497:ERROR:process_memory_win.cc(73)] ReadMemory at 0x1c8e3336c60 of 62 bytes failed: Only part of a ReadProcessMemory or WriteProcessMemory request was completed. (0x12B)
[1211/142517.497:ERROR:process_memory_win.cc(73)] ReadMemory at 0x1c8e3336cb0 of 62 bytes failed: Only part of a ReadProcessMemory or WriteProcessMemory request was completed. (0x12B)
[1211/142517.497:ERROR:process_memory_win.cc(73)] ReadMemory at 0x1c8e3336d50 of 64 bytes failed: Only part of a ReadProcessMemory or WriteProcessMemory request was completed. (0x12B)
[1211/142517.497:ERROR:process_memory_win.cc(73)] ReadMemory at 0x1c8e3336f80 of 64 bytes failed: Only part of a ReadProcessMemory or WriteProcessMemory request was completed. (0x12B)
[1211/142517.497:ERROR:process_memory_win.cc(73)] ReadMemory at 0x1c8e3337070 of 62 bytes failed: Only part of a ReadProcessMemory or WriteProcessMemory request was completed. (0x12B)
[1211/142517.497:ERROR:process_memory_win.cc(73)] ReadMemory at 0x1c8e33370c0 of 60 bytes failed: Only part of a ReadProcessMemory or WriteProcessMemory request was completed. (0x12B)
[1211/142517.497:ERROR:process_memory_win.cc(73)] ReadMemory at 0x1c8e3337200 of 62 bytes failed: Only part of a ReadProcessMemory or WriteProcessMemory request was completed. (0x12B)
[1211/142517.497:ERROR:process_memory_win.cc(73)] ReadMemory at 0x1c8e3337250 of 60 bytes failed: Only part of a ReadProcessMemory or WriteProcessMemory request was completed. (0x12B)
[1211/142517.497:ERROR:process_memory_win.cc(73)] ReadMemory at 0x1c8e33372f0 of 62 bytes failed: Only part of a ReadProcessMemory or WriteProcessMemory request was completed. (0x12B)
[1211/142517.497:ERROR:process_memory_win.cc(73)] ReadMemory at 0x1c8e3338b20 of 132 bytes failed: Only part of a ReadProcessMemory or WriteProcessMemory request was completed. (0x12B)
[1211/142517.497:ERROR:process_memory_win.cc(73)] ReadMemory at 0x1c8e3338c50 of 132 bytes failed: Only part of a ReadProcessMemory or WriteProcessMemory request was completed. (0x12B)
[1211/142517.497:ERROR:process_memory_win.cc(73)] ReadMemory at 0x1c8e3338eb0 of 132 bytes failed: Only part of a ReadProcessMemory or WriteProcessMemory request was completed. (0x12B)
[1211/142517.497:ERROR:process_memory_win.cc(73)] ReadMemory at 0x1c8e3339110 of 132 bytes failed: Only part of a ReadProcessMemory or WriteProcessMemory request was completed. (0x12B)
[1211/142517.497:ERROR:process_memory_win.cc(73)] ReadMemory at 0x1c8e3339700 of 132 bytes failed: Only part of a ReadProcessMemory or WriteProcessMemory request was completed. (0x12B)
[1211/142517.497:ERROR:process_memory_win.cc(73)] ReadMemory at 0x1c8e3339830 of 132 bytes failed: Only part of a ReadProcessMemory or WriteProcessMemory request was completed. (0x12B)
[1211/142517.497:ERROR:process_memory_win.cc(73)] ReadMemory at 0x1c8e3339cf0 of 132 bytes failed: Only part of a ReadProcessMemory or WriteProcessMemory request was completed. (0x12B)
[1211/142517.497:ERROR:process_memory_win.cc(73)] ReadMemory at 0x1c8e333a2e0 of 132 bytes failed: Only part of a ReadProcessMemory or WriteProcessMemory request was completed. (0x12B)
[1211/142517.497:ERROR:process_memory_win.cc(73)] ReadMemory at 0x1c8e333a7a0 of 132 bytes failed: Only part of a ReadProcessMemory or WriteProcessMemory request was completed. (0x12B)
[1211/142517.497:ERROR:process_memory_win.cc(73)] ReadMemory at 0x1c8e333b270 of 512 bytes failed: Only part of a ReadProcessMemory or WriteProcessMemory request was completed. (0x12B)
[1211/142517.497:ERROR:process_memory_win.cc(73)] ReadMemory at 0x1c8e334d840 of 512 bytes failed: Only part of a ReadProcessMemory or WriteProcessMemory request was completed. (0x12B)
[1211/142517.497:ERROR:process_memory_win.cc(73)] ReadMemory at 0x1c8e33554d0 of 512 bytes failed: Only part of a ReadProcessMemory or WriteProcessMemory request was completed. (0x12B)
[1211/142517.497:ERROR:process_memory_win.cc(73)] ReadMemory at 0x1c8e3355850 of 512 bytes failed: Only part of a ReadProcessMemory or WriteProcessMemory request was completed. (0x12B)
[1211/142517.497:ERROR:process_memory_win.cc(73)] ReadMemory at 0x1c8e3591b40 of 512 bytes failed: Only part of a ReadProcessMemory or WriteProcessMemory request was completed. (0x12B)
[1211/142517.497:ERROR:process_memory_win.cc(73)] ReadMemory at 0x1c8e3665a40 of 512 bytes failed: Only part of a ReadProcessMemory or WriteProcessMemory request was completed. (0x12B)
[1211/142517.497:ERROR:process_memory_win.cc(73)] ReadMemory at 0x1c8e36775c0 of 512 bytes failed: Only part of a ReadProcessMemory or WriteProcessMemory request was completed. (0x12B)
[1211/142517.497:ERROR:process_memory_win.cc(73)] ReadMemory at 0x1c8e367caf0 of 712 bytes failed: Only part of a ReadProcessMemory or WriteProcessMemory request was completed. (0x12B)
[1211/142517.497:ERROR:process_memory_win.cc(73)] ReadMemory at 0x1c8e36a6f78 of 512 bytes failed: Only part of a ReadProcessMemory or WriteProcessMemory request was completed. (0x12B)
[1211/142517.497:ERROR:process_memory_win.cc(73)] ReadMemory at 0x1c8e36a8058 of 512 bytes failed: Only part of a ReadProcessMemory or WriteProcessMemory request was completed. (0x12B)
[1211/142517.497:ERROR:process_memory_win.cc(73)] ReadMemory at 0x1c8e36a84d8 of 512 bytes failed: Only part of a ReadProcessMemory or WriteProcessMemory request was completed. (0x12B)
[1211/142517.497:ERROR:process_memory_win.cc(73)] ReadMemory at 0x1c8e54a9be8 of 512 bytes failed: Only part of a ReadProcessMemory or WriteProcessMemory request was completed. (0x12B)
[1211/142517.497:ERROR:process_memory_win.cc(73)] ReadMemory at 0x1c8e54c2cd0 of 512 bytes failed: Only part of a ReadProcessMemory or WriteProcessMemory request was completed. (0x12B)
[1211/142517.497:ERROR:process_memory_win.cc(73)] ReadMemory at 0x1c8e54c4660 of 512 bytes failed: Only part of a ReadProcessMemory or WriteProcessMemory request was completed. (0x12B)
[1211/142517.497:ERROR:process_memory_win.cc(73)] ReadMemory at 0x1c8e58c2520 of 512 bytes failed: Only part of a ReadProcessMemory or WriteProcessMemory request was completed. (0x12B)
[1211/142517.497:ERROR:process_memory_win.cc(73)] ReadMemory at 0x1c8e61bc160 of 512 bytes failed: Only part of a ReadProcessMemory or WriteProcessMemory request was completed. (0x12B)
[1211/142517.497:ERROR:process_memory_win.cc(73)] ReadMemory at 0x1c8e61bd120 of 512 bytes failed: Only part of a ReadProcessMemory or WriteProcessMemory request was completed. (0x12B)
[1211/142517.497:ERROR:process_memory_win.cc(73)] ReadMemory at 0x1c8e62624d0 of 512 bytes failed: Only part of a ReadProcessMemory or WriteProcessMemory request was completed. (0x12B)
[1211/142517.497:ERROR:process_memory_win.cc(73)] ReadMemory at 0x1c8e6451ae0 of 520 bytes failed: Only part of a ReadProcessMemory or WriteProcessMemory request was completed. (0x12B)
[1211/142517.497:ERROR:process_memory_win.cc(73)] ReadMemory at 0x1c8e65b88a0 of 512 bytes failed: Only part of a ReadProcessMemory or WriteProcessMemory request was completed. (0x12B)
[1211/142517.497:ERROR:process_memory_win.cc(73)] ReadMemory at 0x19ff1cf91108 of 512 bytes failed: Only part of a ReadProcessMemory or WriteProcessMemory request was completed. (0x12B)
[1211/142517.497:ERROR:process_memory_win.cc(73)] ReadMemory at 0x1a57b2bd7040 of 512 bytes failed: Only part of a ReadProcessMemory or WriteProcessMemory request was completed. (0x12B)
[1211/142517.497:ERROR:process_memory_win.cc(73)] ReadMemory at 0x468ea532c7b0 of 512 bytes failed: Only part of a ReadProcessMemory or WriteProcessMemory request was completed. (0x12B)
[1211/142517.497:ERROR:process_memory_win.cc(73)] ReadMemory at 0x6468e4dc26d8 of 512 bytes failed: Only part of a ReadProcessMemory or WriteProcessMemory request was completed. (0x12B)
[1211/142517.497:ERROR:process_memory_win.cc(73)] ReadMemory at 0x6557ecc492ec of 512 bytes failed: Only part of a ReadProcessMemory or WriteProcessMemory request was completed. (0x12B)
[1211/142517.497:ERROR:process_memory_win.cc(73)] ReadMemory at 0x78f7608bdf28 of 512 bytes failed: Only part of a ReadProcessMemory or WriteProcessMemory request was completed. (0x12B)
[1211/142517.497:ERROR:process_memory_win.cc(73)] ReadMemory at 0x7ff928db25b0 of 512 bytes failed: Only part of a ReadProcessMemory or WriteProcessMemory request was completed. (0x12B)
[1211/142517.497:ERROR:process_memory_win.cc(73)] ReadMemory at 0x7ff92a75e9df of 512 bytes failed: Only part of a ReadProcessMemory or WriteProcessMemory request was completed. (0x12B)
[1211/142517.497:ERROR:process_memory_win.cc(73)] ReadMemory at 0x7ff92ae269a9 of 512 bytes failed: Only part of a ReadProcessMemory or WriteProcessMemory request was completed. (0x12B)
[1211/142517.501:ERROR:process_memory_win.cc(73)] ReadMemory at 0x7ff92d045be8 of 512 bytes failed: Only part of a ReadProcessMemory or WriteProcessMemory request was completed. (0x12B)
[1211/142517.501:ERROR:process_memory_win.cc(73)] ReadMemory at 0x7ff99023a7b9 of 512 bytes failed: Only part of a ReadProcessMemory or WriteProcessMemory request was completed. (0x12B)
[1211/142517.501:ERROR:process_memory_win.cc(73)] ReadMemory at 0x7ff99046b6d0 of 512 bytes failed: Only part of a ReadProcessMemory or WriteProcessMemory request was completed. (0x12B)
[1211/142517.501:ERROR:process_memory_win.cc(73)] ReadMemory at 0x7ff9924e07bd of 512 bytes failed: Only part of a ReadProcessMemory or WriteProcessMemory request was completed. (0x12B)
[1211/142517.501:ERROR:process_memory_win.cc(73)] ReadMemory at 0x7ff99253c0c4 of 672 bytes failed: Only part of a ReadProcessMemory or WriteProcessMemory request was completed. (0x12B)
[1211/142517.501:ERROR:process_memory_win.cc(73)] ReadMemory at 0x7ff99253c6c4 of 512 bytes failed: Only part of a ReadProcessMemory or WriteProcessMemory request was completed. (0x12B)
[1211/142517.501:ERROR:process_memory_win.cc(73)] ReadMemory at 0x7ff99253f974 of 608 bytes failed: Only part of a ReadProcessMemory or WriteProcessMemory request was completed. (0x12B)
[1211/142517.501:ERROR:process_memory_win.cc(73)] ReadMemory at 0x7ff9925cc428 of 18 bytes failed: Only part of a ReadProcessMemory or WriteProcessMemory request was completed. (0x12B)
[1211/142517.501:ERROR:process_memory_win.cc(73)] ReadMemory at 0x7ff9925ff4f8 of 40 bytes failed: Only part of a ReadProcessMemory or WriteProcessMemory request was completed. (0x12B)
[1211/142517.501:ERROR:process_memory_win.cc(73)] ReadMemory at 0x7ff9925ff978 of 48 bytes failed: Only part of a ReadProcessMemory or WriteProcessMemory request was completed. (0x12B)
[1211/142517.501:ERROR:process_memory_win.cc(73)] ReadMemory at 0x7ff9926053c0 of 64 bytes failed: Only part of a ReadProcessMemory or WriteProcessMemory request was completed. (0x12B)
[1211/142517.501:ERROR:scoped_process_suspend.cc(40)] NtResumeProcess: An attempt was made to access an exiting process. (0xc000010a)
